<?xml version="1.0" encoding="UTF-8"?>
<!-- Generated by org.testng.reporters.JUnitReportReporter -->
<testsuite hostname="PRO-IND-1000" failures="0" tests="5" name="tests.FirstTest" time="13.856" errors="0" timestamp="2023-03-15T16:22:25 IST" skipped="3">
  <testcase classname="tests.FirstTest" name="FourthtTestCase" time="9.886"/>
  <system-out/>
  <testcase classname="tests.FirstTest" name="FifthtTestCase" time="3.970"/>
  <system-out/>
  <testcase classname="tests.FirstTest" name="ThirdTestCase">
    <skipped/>
  </testcase> <!-- ThirdTestCase -->
  <system-out/>
  <testcase classname="tests.FirstTest" name="FirstTestCase">
    <skipped/>
  </testcase> <!-- FirstTestCase -->
  <system-out/>
  <testcase classname="tests.FirstTest" name="SecondTestCase">
    <skipped/>
  </testcase> <!-- SecondTestCase -->
  <system-out/>
</testsuite> <!-- tests.FirstTest -->
