<?xml version="1.0" encoding="UTF-8"?>
<!-- Generated by org.testng.reporters.JUnitReportReporter -->
<testsuite hostname="PRO-IND-1000" failures="0" tests="4" name="tests.FirstTest" time="871.498" errors="0" timestamp="14 Mar 2023 15:11:19 GMT" skipped="0">
  <testcase classname="tests.FirstTest" name="SecondTestCase" time="237.754"/>
  <testcase classname="tests.FirstTest" name="FirstTestCase" time="356.341"/>
  <testcase classname="tests.FirstTest" name="FourthtTestCase" time="10.485"/>
  <testcase classname="tests.FirstTest" name="ThirdTestCase" time="266.918"/>
</testsuite> <!-- tests.FirstTest -->
